deps/libumeng/build/outputs/logs/manifest-merger-debug-report.txt
-- Merging decision tree log ---
manifest
ADDED from deps\libumeng\AndroidManifest.xml:2:1-5:12
INJECTED from deps\libumeng\AndroidManifest.xml:2:1-5:12
INJECTED from deps\libumeng\AndroidManifest.xml:2:1-5:12
	package
		ADDED from deps\libumeng\AndroidManifest.xml:4:5-42
		INJECTED from deps\libumeng\AndroidManifest.xml
		INJECTED from deps\libumeng\AndroidManifest.xml
	xmlns:tools
		ADDED from deps\libumeng\AndroidManifest.xml:3:5-51
	xmlns:android
		ADDED from deps\libumeng\AndroidManifest.xml:2:11-69
uses-sdk
INJECTED from deps\libumeng\AndroidManifest.xml reason: use-sdk injection requested
INJECTED from deps\libumeng\AndroidManifest.xml
INJECTED from deps\libumeng\AndroidManifest.xml
INJECTED from deps\libumeng\AndroidManifest.xml
INJECTED from deps\libumeng\AndroidManifest.xml
	android:targetSdkVersion
		INJECTED from deps\libumeng\AndroidManifest.xml
		ADDED from deps\libumeng\AndroidManifest.xml
		INJECTED from deps\libumeng\AndroidManifest.xml
	android:minSdkVersion
		INJECTED from deps\libumeng\AndroidManifest.xml
		ADDED from deps\libumeng\AndroidManifest.xml
		INJECTED from deps\libumeng\AndroidManifest.xml